mode: set
github.com/xsdrt/hiSpeed/render/render.go:36.111,37.37 1 1
github.com/xsdrt/hiSpeed/render/render.go:45.2,45.52 1 1
github.com/xsdrt/hiSpeed/render/render.go:38.12,39.36 1 1
github.com/xsdrt/hiSpeed/render/render.go:40.13,41.48 1 1
github.com/xsdrt/hiSpeed/render/render.go:42.10,42.10 0 1
github.com/xsdrt/hiSpeed/render/render.go:49.102,51.16 2 1
github.com/xsdrt/hiSpeed/render/render.go:55.2,56.17 2 1
github.com/xsdrt/hiSpeed/render/render.go:60.2,61.16 2 1
github.com/xsdrt/hiSpeed/render/render.go:65.2,65.12 1 1
github.com/xsdrt/hiSpeed/render/render.go:51.16,53.3 1 1
github.com/xsdrt/hiSpeed/render/render.go:56.17,58.3 1 0
github.com/xsdrt/hiSpeed/render/render.go:61.16,63.3 1 0
github.com/xsdrt/hiSpeed/render/render.go:69.122,72.22 2 1
github.com/xsdrt/hiSpeed/render/render.go:78.2,79.17 2 1
github.com/xsdrt/hiSpeed/render/render.go:83.2,84.16 2 1
github.com/xsdrt/hiSpeed/render/render.go:89.2,89.46 1 1
github.com/xsdrt/hiSpeed/render/render.go:93.2,93.12 1 1
github.com/xsdrt/hiSpeed/render/render.go:72.22,74.3 1 1
github.com/xsdrt/hiSpeed/render/render.go:74.8,76.3 1 0
github.com/xsdrt/hiSpeed/render/render.go:79.17,81.3 1 0
github.com/xsdrt/hiSpeed/render/render.go:84.16,87.3 2 1
github.com/xsdrt/hiSpeed/render/render.go:89.46,92.3 2 0
github.com/xsdrt/hiSpeed/session/session.go:21.53,26.16 3 1
github.com/xsdrt/hiSpeed/session/session.go:31.2,31.48 1 1
github.com/xsdrt/hiSpeed/session/session.go:36.2,36.47 1 1
github.com/xsdrt/hiSpeed/session/session.go:41.2,50.40 8 1
github.com/xsdrt/hiSpeed/session/session.go:64.2,64.16 1 1
github.com/xsdrt/hiSpeed/session/session.go:26.16,28.3 1 0
github.com/xsdrt/hiSpeed/session/session.go:31.48,33.3 1 1
github.com/xsdrt/hiSpeed/session/session.go:36.47,38.3 1 1
github.com/xsdrt/hiSpeed/session/session.go:51.15,51.15 0 0
github.com/xsdrt/hiSpeed/session/session.go:53.26,53.26 0 0
github.com/xsdrt/hiSpeed/session/session.go:55.32,55.32 0 0
github.com/xsdrt/hiSpeed/session/session.go:57.15,57.15 0 0
github.com/xsdrt/hiSpeed/session/session.go:59.10,59.10 0 1
