mode: set
github.com/xsdrt/hiSpeed/render/render.go:36.111,37.37 1 1
github.com/xsdrt/hiSpeed/render/render.go:45.2,45.52 1 1
github.com/xsdrt/hiSpeed/render/render.go:38.12,39.36 1 1
github.com/xsdrt/hiSpeed/render/render.go:40.13,41.48 1 1
github.com/xsdrt/hiSpeed/render/render.go:42.10,42.10 0 1
github.com/xsdrt/hiSpeed/render/render.go:49.102,51.16 2 1
github.com/xsdrt/hiSpeed/render/render.go:55.2,56.17 2 1
github.com/xsdrt/hiSpeed/render/render.go:60.2,61.16 2 1
github.com/xsdrt/hiSpeed/render/render.go:65.2,65.12 1 1
github.com/xsdrt/hiSpeed/render/render.go:51.16,53.3 1 1
github.com/xsdrt/hiSpeed/render/render.go:56.17,58.3 1 0
github.com/xsdrt/hiSpeed/render/render.go:61.16,63.3 1 0
github.com/xsdrt/hiSpeed/render/render.go:69.122,72.22 2 1
github.com/xsdrt/hiSpeed/render/render.go:78.2,79.17 2 1
github.com/xsdrt/hiSpeed/render/render.go:83.2,84.16 2 1
github.com/xsdrt/hiSpeed/render/render.go:89.2,89.46 1 1
github.com/xsdrt/hiSpeed/render/render.go:93.2,93.12 1 1
github.com/xsdrt/hiSpeed/render/render.go:72.22,74.3 1 1
github.com/xsdrt/hiSpeed/render/render.go:74.8,76.3 1 0
github.com/xsdrt/hiSpeed/render/render.go:79.17,81.3 1 0
github.com/xsdrt/hiSpeed/render/render.go:84.16,87.3 2 1
github.com/xsdrt/hiSpeed/render/render.go:89.46,92.3 2 0
